\BOOKMARK [1][-]{section.0.1}{Introduction}{}% 1
\BOOKMARK [2][-]{subsection.0.1.1}{Purpose}{section.0.1}% 2
\BOOKMARK [2][-]{subsection.0.1.2}{Scope}{section.0.1}% 3
\BOOKMARK [2][-]{subsection.0.1.3}{Definitions, Acronyms, Abbreviations}{section.0.1}% 4
\BOOKMARK [2][-]{subsection.0.1.4}{Reference Documents}{section.0.1}% 5
\BOOKMARK [2][-]{subsection.0.1.5}{Document Structure}{section.0.1}% 6
\BOOKMARK [1][-]{section.0.2}{Architectural Design}{}% 7
\BOOKMARK [2][-]{subsection.0.2.1}{Overview}{section.0.2}% 8
\BOOKMARK [2][-]{subsection.0.2.2}{High level components and their interaction}{section.0.2}% 9
\BOOKMARK [3][-]{subsubsection.0.2.2.1}{Identifying sub-systems}{subsection.0.2.2}% 10
\BOOKMARK [3][-]{subsubsection.0.2.2.2}{General Package design}{subsection.0.2.2}% 11
\BOOKMARK [2][-]{subsection.0.2.3}{Component view}{section.0.2}% 12
\BOOKMARK [3][-]{subsubsection.0.2.3.1}{Design Level Model}{subsection.0.2.3}% 13
\BOOKMARK [3][-]{subsubsection.0.2.3.2}{Detailed Package Design}{subsection.0.2.3}% 14
\BOOKMARK [2][-]{subsection.0.2.4}{Deployment view}{section.0.2}% 15
\BOOKMARK [2][-]{subsection.0.2.5}{Runtime view}{section.0.2}% 16
\BOOKMARK [2][-]{subsection.0.2.6}{Component interfaces}{section.0.2}% 17
\BOOKMARK [2][-]{subsection.0.2.7}{Selected architectural styles and patterns}{section.0.2}% 18
\BOOKMARK [2][-]{subsection.0.2.8}{Other design decisions}{section.0.2}% 19
\BOOKMARK [1][-]{section.0.3}{Algorithm design}{}% 20
\BOOKMARK [1][-]{section.0.4}{User Interface Design}{}% 21
\BOOKMARK [1][-]{section.0.5}{Requirements Traceability}{}% 22
\BOOKMARK [1][-]{section.0.6}{References}{}% 23
\BOOKMARK [1][-]{section.0.7}{Appendix}{}% 24
\BOOKMARK [2][-]{subsection.0.7.1}{Software and tools used}{section.0.7}% 25
\BOOKMARK [2][-]{subsection.0.7.2}{Hours of work}{section.0.7}% 26
