\BOOKMARK [1][-]{section.0.1}{Introduction}{}% 1
\BOOKMARK [2][-]{subsection.0.1.1}{Purpose}{section.0.1}% 2
\BOOKMARK [2][-]{subsection.0.1.2}{Scope}{section.0.1}% 3
\BOOKMARK [2][-]{subsection.0.1.3}{Identifying Stackeholders}{section.0.1}% 4
\BOOKMARK [2][-]{subsection.0.1.4}{Identifying Actors}{section.0.1}% 5
\BOOKMARK [2][-]{subsection.0.1.5}{Goals}{section.0.1}% 6
\BOOKMARK [2][-]{subsection.0.1.6}{Proposed system}{section.0.1}% 7
\BOOKMARK [2][-]{subsection.0.1.7}{Definitions, acronyms, and abbreviations}{section.0.1}% 8
\BOOKMARK [3][-]{subsubsection.0.1.7.1}{Definitions}{subsection.0.1.7}% 9
\BOOKMARK [3][-]{subsubsection.0.1.7.2}{Acronyms}{subsection.0.1.7}% 10
\BOOKMARK [3][-]{subsubsection.0.1.7.3}{Abbreviations}{subsection.0.1.7}% 11
\BOOKMARK [2][-]{subsection.0.1.8}{Reference Documents}{section.0.1}% 12
\BOOKMARK [2][-]{subsection.0.1.9}{Overview}{section.0.1}% 13
\BOOKMARK [1][-]{section.0.2}{Overall description}{}% 14
\BOOKMARK [2][-]{subsection.0.2.1}{Product perspective}{section.0.2}% 15
\BOOKMARK [2][-]{subsection.0.2.2}{Product functions}{section.0.2}% 16
\BOOKMARK [2][-]{subsection.0.2.3}{User characteristics}{section.0.2}% 17
\BOOKMARK [2][-]{subsection.0.2.4}{Constraints}{section.0.2}% 18
\BOOKMARK [3][-]{subsubsection.0.2.4.1}{Regulatory Policies \046 Safety and security}{subsection.0.2.4}% 19
\BOOKMARK [3][-]{subsubsection.0.2.4.2}{Hardware limitations}{subsection.0.2.4}% 20
\BOOKMARK [3][-]{subsubsection.0.2.4.3}{Interfaces to other applications}{subsection.0.2.4}% 21
\BOOKMARK [3][-]{subsubsection.0.2.4.4}{Parallel operation}{subsection.0.2.4}% 22
\BOOKMARK [2][-]{subsection.0.2.5}{Assumptions and dependencies}{section.0.2}% 23
\BOOKMARK [1][-]{section.0.3}{Specific requirements}{}% 24
\BOOKMARK [2][-]{subsection.0.3.1}{External Interface Requirements}{section.0.3}% 25
\BOOKMARK [3][-]{subsubsection.0.3.1.1}{User Interfaces}{subsection.0.3.1}% 26
\BOOKMARK [4][-]{paragraph.0.3.1.1.1}{Sign-up}{subsubsection.0.3.1.1}% 27
\BOOKMARK [4][-]{paragraph.0.3.1.1.2}{Login}{subsubsection.0.3.1.1}% 28
\BOOKMARK [4][-]{paragraph.0.3.1.1.3}{Call a taxi}{subsubsection.0.3.1.1}% 29
\BOOKMARK [4][-]{paragraph.0.3.1.1.4}{Plan a ride}{subsubsection.0.3.1.1}% 30
\BOOKMARK [4][-]{paragraph.0.3.1.1.5}{Your reservations}{subsubsection.0.3.1.1}% 31
\BOOKMARK [4][-]{paragraph.0.3.1.1.6}{Your profile}{subsubsection.0.3.1.1}% 32
\BOOKMARK [4][-]{paragraph.0.3.1.1.7}{Your work}{subsubsection.0.3.1.1}% 33
\BOOKMARK [3][-]{subsubsection.0.3.1.2}{Hardware Interfaces}{subsection.0.3.1}% 34
\BOOKMARK [3][-]{subsubsection.0.3.1.3}{Software Interfaces}{subsection.0.3.1}% 35
\BOOKMARK [3][-]{subsubsection.0.3.1.4}{Communication Interfaces}{subsection.0.3.1}% 36
\BOOKMARK [2][-]{subsection.0.3.2}{Functional Requirements}{section.0.3}% 37
\BOOKMARK [3][-]{subsubsection.0.3.2.1}{User Class 1}{subsection.0.3.2}% 38
\BOOKMARK [3][-]{subsubsection.0.3.2.2}{User Class 2}{subsection.0.3.2}% 39
\BOOKMARK [2][-]{subsection.0.3.3}{Performance Requirements}{section.0.3}% 40
\BOOKMARK [2][-]{subsection.0.3.4}{Design Constraints}{section.0.3}% 41
\BOOKMARK [3][-]{subsubsection.0.3.4.1}{Standards compliance}{subsection.0.3.4}% 42
\BOOKMARK [3][-]{subsubsection.0.3.4.2}{Hardware limitations}{subsection.0.3.4}% 43
\BOOKMARK [2][-]{subsection.0.3.5}{Software System Attributes}{section.0.3}% 44
\BOOKMARK [3][-]{subsubsection.0.3.5.1}{Reliability}{subsection.0.3.5}% 45
\BOOKMARK [3][-]{subsubsection.0.3.5.2}{Availability}{subsection.0.3.5}% 46
\BOOKMARK [3][-]{subsubsection.0.3.5.3}{Security}{subsection.0.3.5}% 47
\BOOKMARK [3][-]{subsubsection.0.3.5.4}{Maintainability}{subsection.0.3.5}% 48
\BOOKMARK [3][-]{subsubsection.0.3.5.5}{Portability}{subsection.0.3.5}% 49
\BOOKMARK [2][-]{subsection.0.3.6}{Other Requirements}{section.0.3}% 50
